#
# There is insufficient memory for the Java Runtime Environment to continue.
# Native memory allocation (malloc) failed to allocate 606896 bytes for Chunk::new
# Possible reasons:
#   The system is out of physical RAM or swap space
#   The process is running with CompressedOops enabled, and the Java Heap may be blocking the growth of the native heap
# Possible solutions:
#   Reduce memory load on the system
#   Increase physical memory or swap space
#   Check if swap backing store is full
#   Decrease Java heap size (-Xmx/-Xms)
#   Decrease number of Java threads
#   Decrease Java thread stack sizes (-Xss)
#   Set larger code cache with -XX:ReservedCodeCacheSize=
#   JVM is running with Zero Based Compressed Oops mode in which the Java heap is
#     placed in the first 32GB address space. The Java Heap base address is the
#     maximum limit for the native heap growth. Please use -XX:HeapBaseMinAddress
#     to set the Java Heap base and to place the Java Heap above 32GB virtual address.
# This output file may be truncated or incomplete.
#
#  Out of Memory Error (./open/src/hotspot/share/memory/arena.cpp:197), pid=22504, tid=13940
#
# JRE version: Java(TM) SE Runtime Environment 18.9 (11.0.19+9) (build 11.0.19+9-LTS-224)
# Java VM: Java HotSpot(TM) 64-Bit Server VM 18.9 (11.0.19+9-LTS-224, mixed mode, tiered, compressed oops, g1 gc, windows-amd64)
# No core dump will be written. Minidumps are not enabled by default on client versions of Windows
#

---------------  S U M M A R Y ------------

Command Line: -ea -Didea.test.cyclic.buffer.size=1048576 -javaagent:C:\Users\subhradeep.c\AppData\Local\JetBrains\IntelliJ IDEA Community Edition 2023.3.5\lib\idea_rt.jar=51544:C:\Users\subhradeep.c\AppData\Local\JetBrains\IntelliJ IDEA Community Edition 2023.3.5\bin -Dfile.encoding=UTF-8 com.intellij.rt.testng.RemoteTestNGStarter -usedefaultlisteners false -socket51543 @w@C:\Users\subhradeep.c\AppData\Local\Temp\idea_working_dirs_testng.tmp -temp C:\Users\subhradeep.c\AppData\Local\Temp\idea_testng.tmp

Host: 11th Gen Intel(R) Core(TM) i7-1165G7 @ 2.80GHz, 8 cores, 15G,  Windows 11 , 64 bit Build 22621 (10.0.22621.3672)
Time: Thu Aug  1 15:11:06 2024 India Standard Time elapsed time: 8.584374 seconds (0d 0h 0m 8s)

---------------  T H R E A D  ---------------

Current thread (0x0000026afbfc8800):  JavaThread "C2 CompilerThread0" daemon [_thread_in_native, id=13940, stack(0x000000b17a500000,0x000000b17a600000)]


Current CompileTask:
C2:   8584 1930       4       com.google.gson.stream.JsonReader::nextQuotedValue (270 bytes)

Stack: [0x000000b17a500000,0x000000b17a600000]
Native frames: (J=compiled Java code, j=interpreted, Vv=VM code, C=native code)
V  [jvm.dll+0x65fe1a]
V  [jvm.dll+0x7a2bbf]
V  [jvm.dll+0x7a4289]
V  [jvm.dll+0x7a4923]
V  [jvm.dll+0x258a25]
V  [jvm.dll+0xb29cc]
V  [jvm.dll+0xb2f8c]
V  [jvm.dll+0x3670df]
V  [jvm.dll+0x32fdf5]
V  [jvm.dll+0x32f1da]
V  [jvm.dll+0x21172d]
V  [jvm.dll+0x2106f8]
V  [jvm.dll+0x18c841]
V  [jvm.dll+0x220989]
V  [jvm.dll+0x21ecac]
V  [jvm.dll+0x766921]
V  [jvm.dll+0x75f2e4]
V  [jvm.dll+0x65ecc5]
C  [ucrtbase.dll+0x29333]
C  [KERNEL32.DLL+0x1257d]
C  [ntdll.dll+0x5af28]


---------------  P R O C E S S  ---------------

Threads class SMR info:
_java_thread_list=0x0000026afd073260, length=13, elements={
0x0000026ad8bb6800, 0x0000026afbf65000, 0x0000026afbf6e800, 0x0000026afbfbe800,
0x0000026afbfc0000, 0x0000026afbfc3000, 0x0000026afbfc8800, 0x0000026afbfcf000,
0x0000026afbfdd000, 0x0000026afbf3b800, 0x0000026afc45a000, 0x0000026afd0b1000,
0x0000026afd0b2000
}

Java Threads: ( => current thread )
  0x0000026ad8bb6800 JavaThread "main" [_thread_blocked, id=18816, stack(0x000000b179900000,0x000000b179a00000)]
  0x0000026afbf65000 JavaThread "Reference Handler" daemon [_thread_blocked, id=3092, stack(0x000000b17a000000,0x000000b17a100000)]
  0x0000026afbf6e800 JavaThread "Finalizer" daemon [_thread_blocked, id=7388, stack(0x000000b17a100000,0x000000b17a200000)]
  0x0000026afbfbe800 JavaThread "Signal Dispatcher" daemon [_thread_blocked, id=19344, stack(0x000000b17a200000,0x000000b17a300000)]
  0x0000026afbfc0000 JavaThread "Attach Listener" daemon [_thread_blocked, id=16600, stack(0x000000b17a300000,0x000000b17a400000)]
  0x0000026afbfc3000 JavaThread "Service Thread" daemon [_thread_blocked, id=1864, stack(0x000000b17a400000,0x000000b17a500000)]
=>0x0000026afbfc8800 JavaThread "C2 CompilerThread0" daemon [_thread_in_native, id=13940, stack(0x000000b17a500000,0x000000b17a600000)]
  0x0000026afbfcf000 JavaThread "C1 CompilerThread0" daemon [_thread_blocked, id=11284, stack(0x000000b17a600000,0x000000b17a700000)]
  0x0000026afbfdd000 JavaThread "Sweeper thread" daemon [_thread_blocked, id=24028, stack(0x000000b17a700000,0x000000b17a800000)]
  0x0000026afbf3b800 JavaThread "Common-Cleaner" daemon [_thread_blocked, id=18944, stack(0x000000b17a800000,0x000000b17a900000)]
  0x0000026afc45a000 JavaThread "Monitor Ctrl-Break" daemon [_thread_in_native, id=7932, stack(0x000000b17aa00000,0x000000b17ab00000)]
  0x0000026afd0b1000 JavaThread "Thread-0" [_thread_in_native, id=23864, stack(0x000000b17b100000,0x000000b17b200000)]
  0x0000026afd0b2000 JavaThread "Thread-1" [_thread_blocked, id=14920, stack(0x000000b17b200000,0x000000b17b300000)]

Other Threads:
  0x0000026afbf40800 VMThread "VM Thread" [stack: 0x000000b179f00000,0x000000b17a000000] [id=10212]
  0x0000026afc45b800 WatcherThread [stack: 0x000000b17ab00000,0x000000b17ac00000] [id=17288]
  0x0000026ad8bce800 GCTaskThread "GC Thread#0" [stack: 0x000000b179a00000,0x000000b179b00000] [id=20616]
  0x0000026afcf20000 GCTaskThread "GC Thread#1" [stack: 0x000000b17a900000,0x000000b17aa00000] [id=2864]
  0x0000026afce1b800 GCTaskThread "GC Thread#2" [stack: 0x000000b17ad00000,0x000000b17ae00000] [id=19128]
  0x0000026afce5f800 GCTaskThread "GC Thread#3" [stack: 0x000000b17ae00000,0x000000b17af00000] [id=3708]
  0x0000026afcf16800 GCTaskThread "GC Thread#4" [stack: 0x000000b17af00000,0x000000b17b000000] [id=18180]
  0x0000026afcf17000 GCTaskThread "GC Thread#5" [stack: 0x000000b17b000000,0x000000b17b100000] [id=23304]
  0x0000026ad8c29800 ConcurrentGCThread "G1 Main Marker" [stack: 0x000000b179b00000,0x000000b179c00000] [id=19068]
  0x0000026ad8c2b000 ConcurrentGCThread "G1 Conc#0" [stack: 0x000000b179c00000,0x000000b179d00000] [id=15120]
  0x0000026afcb53000 ConcurrentGCThread "G1 Conc#1" [stack: 0x000000b17b300000,0x000000b17b400000] [id=4108]
  0x0000026afb151000 ConcurrentGCThread "G1 Refine#0" [stack: 0x000000b179d00000,0x000000b179e00000] [id=10972]
  0x0000026afb152800 ConcurrentGCThread "G1 Young RemSet Sampling" [stack: 0x000000b179e00000,0x000000b179f00000] [id=21880]

Threads with active compile tasks:
C2 CompilerThread0     8880 1930       4       com.google.gson.stream.JsonReader::nextQuotedValue (270 bytes)

VM state:not at safepoint (normal execution)

VM Mutex/Monitor currently owned by a thread: None

Heap address: 0x0000000704e00000, size: 4018 MB, Compressed Oops mode: Zero based, Oop shift amount: 3
Narrow klass base: 0x0000000800000000, Narrow klass shift: 0
Compressed class space size: 1073741824 Address: 0x0000000800000000

Heap:
 garbage-first heap   total 258048K, used 11590K [0x0000000704e00000, 0x0000000800000000)
  region size 1024K, 12 young (12288K), 5 survivors (5120K)
 Metaspace       used 21850K, capacity 22411K, committed 22528K, reserved 1069056K
  class space    used 2262K, capacity 2493K, committed 2560K, reserved 1048576K
Heap Regions: E=young(eden), S=young(survivor), O=old, HS=humongous(starts), HC=humongous(continues), CS=collection set, F=free, A=archive, TAMS=top-at-mark-start (previous, next)
|   0|0x0000000704e00000, 0x0000000704e7e000, 0x0000000704f00000| 49%| O|  |TAMS 0x0000000704e7e000, 0x0000000704e00000| Untracked 
|   1|0x0000000704f00000, 0x0000000704f00000, 0x0000000705000000|  0%| F|  |TAMS 0x0000000704f00000, 0x0000000704f00000| Untracked 
|   2|0x0000000705000000, 0x0000000705000000, 0x0000000705100000|  0%| F|  |TAMS 0x0000000705000000, 0x0000000705000000| Untracked 
|   3|0x0000000705100000, 0x0000000705100000, 0x0000000705200000|  0%| F|  |TAMS 0x0000000705100000, 0x0000000705100000| Untracked 
|   4|0x0000000705200000, 0x0000000705200000, 0x0000000705300000|  0%| F|  |TAMS 0x0000000705200000, 0x0000000705200000| Untracked 
|   5|0x0000000705300000, 0x0000000705300000, 0x0000000705400000|  0%| F|  |TAMS 0x0000000705300000, 0x0000000705300000| Untracked 
|   6|0x0000000705400000, 0x0000000705400000, 0x0000000705500000|  0%| F|  |TAMS 0x0000000705400000, 0x0000000705400000| Untracked 
|   7|0x0000000705500000, 0x0000000705500000, 0x0000000705600000|  0%| F|  |TAMS 0x0000000705500000, 0x0000000705500000| Untracked 
|   8|0x0000000705600000, 0x0000000705600000, 0x0000000705700000|  0%| F|  |TAMS 0x0000000705600000, 0x0000000705600000| Untracked 
|   9|0x0000000705700000, 0x0000000705700000, 0x0000000705800000|  0%| F|  |TAMS 0x0000000705700000, 0x0000000705700000| Untracked 
|  10|0x0000000705800000, 0x0000000705800000, 0x0000000705900000|  0%| F|  |TAMS 0x0000000705800000, 0x0000000705800000| Untracked 
|  11|0x0000000705900000, 0x0000000705900000, 0x0000000705a00000|  0%| F|  |TAMS 0x0000000705900000, 0x0000000705900000| Untracked 
|  12|0x0000000705a00000, 0x0000000705a00000, 0x0000000705b00000|  0%| F|  |TAMS 0x0000000705a00000, 0x0000000705a00000| Untracked 
|  13|0x0000000705b00000, 0x0000000705b00000, 0x0000000705c00000|  0%| F|  |TAMS 0x0000000705b00000, 0x0000000705b00000| Untracked 
|  14|0x0000000705c00000, 0x0000000705c00000, 0x0000000705d00000|  0%| F|  |TAMS 0x0000000705c00000, 0x0000000705c00000| Untracked 
|  15|0x0000000705d00000, 0x0000000705d00000, 0x0000000705e00000|  0%| F|  |TAMS 0x0000000705d00000, 0x0000000705d00000| Untracked 
|  16|0x0000000705e00000, 0x0000000705e00000, 0x0000000705f00000|  0%| F|  |TAMS 0x0000000705e00000, 0x0000000705e00000| Untracked 
|  17|0x0000000705f00000, 0x0000000705f00000, 0x0000000706000000|  0%| F|  |TAMS 0x0000000705f00000, 0x0000000705f00000| Untracked 
|  18|0x0000000706000000, 0x0000000706000000, 0x0000000706100000|  0%| F|  |TAMS 0x0000000706000000, 0x0000000706000000| Untracked 
|  19|0x0000000706100000, 0x0000000706100000, 0x0000000706200000|  0%| F|  |TAMS 0x0000000706100000, 0x0000000706100000| Untracked 
|  20|0x0000000706200000, 0x0000000706200000, 0x0000000706300000|  0%| F|  |TAMS 0x0000000706200000, 0x0000000706200000| Untracked 
|  21|0x0000000706300000, 0x0000000706300000, 0x0000000706400000|  0%| F|  |TAMS 0x0000000706300000, 0x0000000706300000| Untracked 
|  22|0x0000000706400000, 0x0000000706400000, 0x0000000706500000|  0%| F|  |TAMS 0x0000000706400000, 0x0000000706400000| Untracked 
|  23|0x0000000706500000, 0x0000000706500000, 0x0000000706600000|  0%| F|  |TAMS 0x0000000706500000, 0x0000000706500000| Untracked 
|  24|0x0000000706600000, 0x0000000706600000, 0x0000000706700000|  0%| F|  |TAMS 0x0000000706600000, 0x0000000706600000| Untracked 
|  25|0x0000000706700000, 0x0000000706700000, 0x0000000706800000|  0%| F|  |TAMS 0x0000000706700000, 0x0000000706700000| Untracked 
|  26|0x0000000706800000, 0x0000000706800000, 0x0000000706900000|  0%| F|  |TAMS 0x0000000706800000, 0x0000000706800000| Untracked 
|  27|0x0000000706900000, 0x0000000706900000, 0x0000000706a00000|  0%| F|  |TAMS 0x0000000706900000, 0x0000000706900000| Untracked 
|  28|0x0000000706a00000, 0x0000000706a00000, 0x0000000706b00000|  0%| F|  |TAMS 0x0000000706a00000, 0x0000000706a00000| Untracked 
|  29|0x0000000706b00000, 0x0000000706b00000, 0x0000000706c00000|  0%| F|  |TAMS 0x0000000706b00000, 0x0000000706b00000| Untracked 
|  30|0x0000000706c00000, 0x0000000706c00000, 0x0000000706d00000|  0%| F|  |TAMS 0x0000000706c00000, 0x0000000706c00000| Untracked 
|  31|0x0000000706d00000, 0x0000000706d00000, 0x0000000706e00000|  0%| F|  |TAMS 0x0000000706d00000, 0x0000000706d00000| Untracked 
|  32|0x0000000706e00000, 0x0000000706e00000, 0x0000000706f00000|  0%| F|  |TAMS 0x0000000706e00000, 0x0000000706e00000| Untracked 
|  33|0x0000000706f00000, 0x0000000706f00000, 0x0000000707000000|  0%| F|  |TAMS 0x0000000706f00000, 0x0000000706f00000| Untracked 
|  34|0x0000000707000000, 0x0000000707000000, 0x0000000707100000|  0%| F|  |TAMS 0x0000000707000000, 0x0000000707000000| Untracked 
|  35|0x0000000707100000, 0x0000000707100000, 0x0000000707200000|  0%| F|  |TAMS 0x0000000707100000, 0x0000000707100000| Untracked 
|  36|0x0000000707200000, 0x0000000707200000, 0x0000000707300000|  0%| F|  |TAMS 0x0000000707200000, 0x0000000707200000| Untracked 
|  37|0x0000000707300000, 0x0000000707300000, 0x0000000707400000|  0%| F|  |TAMS 0x0000000707300000, 0x0000000707300000| Untracked 
|  38|0x0000000707400000, 0x0000000707400000, 0x0000000707500000|  0%| F|  |TAMS 0x0000000707400000, 0x0000000707400000| Untracked 
|  39|0x0000000707500000, 0x0000000707500000, 0x0000000707600000|  0%| F|  |TAMS 0x0000000707500000, 0x0000000707500000| Untracked 
|  40|0x0000000707600000, 0x0000000707600000, 0x0000000707700000|  0%| F|  |TAMS 0x0000000707600000, 0x0000000707600000| Untracked 
|  41|0x0000000707700000, 0x0000000707700000, 0x0000000707800000|  0%| F|  |TAMS 0x0000000707700000, 0x0000000707700000| Untracked 
|  42|0x0000000707800000, 0x0000000707800000, 0x0000000707900000|  0%| F|  |TAMS 0x0000000707800000, 0x0000000707800000| Untracked 
|  43|0x0000000707900000, 0x0000000707900000, 0x0000000707a00000|  0%| F|  |TAMS 0x0000000707900000, 0x0000000707900000| Untracked 
|  44|0x0000000707a00000, 0x0000000707a00000, 0x0000000707b00000|  0%| F|  |TAMS 0x0000000707a00000, 0x0000000707a00000| Untracked 
|  45|0x0000000707b00000, 0x0000000707b00000, 0x0000000707c00000|  0%| F|  |TAMS 0x0000000707b00000, 0x0000000707b00000| Untracked 
|  46|0x0000000707c00000, 0x0000000707c00000, 0x0000000707d00000|  0%| F|  |TAMS 0x0000000707c00000, 0x0000000707c00000| Untracked 
|  47|0x0000000707d00000, 0x0000000707d00000, 0x0000000707e00000|  0%| F|  |TAMS 0x0000000707d00000, 0x0000000707d00000| Untracked 
|  48|0x0000000707e00000, 0x0000000707e00000, 0x0000000707f00000|  0%| F|  |TAMS 0x0000000707e00000, 0x0000000707e00000| Untracked 
|  49|0x0000000707f00000, 0x0000000707f00000, 0x0000000708000000|  0%| F|  |TAMS 0x0000000707f00000, 0x0000000707f00000| Untracked 
|  50|0x0000000708000000, 0x0000000708000000, 0x0000000708100000|  0%| F|  |TAMS 0x0000000708000000, 0x0000000708000000| Untracked 
|  51|0x0000000708100000, 0x0000000708100000, 0x0000000708200000|  0%| F|  |TAMS 0x0000000708100000, 0x0000000708100000| Untracked 
|  52|0x0000000708200000, 0x0000000708200000, 0x0000000708300000|  0%| F|  |TAMS 0x0000000708200000, 0x0000000708200000| Untracked 
|  53|0x0000000708300000, 0x0000000708300000, 0x0000000708400000|  0%| F|  |TAMS 0x0000000708300000, 0x0000000708300000| Untracked 
|  54|0x0000000708400000, 0x0000000708400000, 0x0000000708500000|  0%| F|  |TAMS 0x0000000708400000, 0x0000000708400000| Untracked 
|  55|0x0000000708500000, 0x0000000708500000, 0x0000000708600000|  0%| F|  |TAMS 0x0000000708500000, 0x0000000708500000| Untracked 
|  56|0x0000000708600000, 0x0000000708600000, 0x0000000708700000|  0%| F|  |TAMS 0x0000000708600000, 0x0000000708600000| Untracked 
|  57|0x0000000708700000, 0x0000000708700000, 0x0000000708800000|  0%| F|  |TAMS 0x0000000708700000, 0x0000000708700000| Untracked 
|  58|0x0000000708800000, 0x0000000708800000, 0x0000000708900000|  0%| F|  |TAMS 0x0000000708800000, 0x0000000708800000| Untracked 
|  59|0x0000000708900000, 0x0000000708900000, 0x0000000708a00000|  0%| F|  |TAMS 0x0000000708900000, 0x0000000708900000| Untracked 
|  60|0x0000000708a00000, 0x0000000708a00000, 0x0000000708b00000|  0%| F|  |TAMS 0x0000000708a00000, 0x0000000708a00000| Untracked 
|  61|0x0000000708b00000, 0x0000000708b00000, 0x0000000708c00000|  0%| F|  |TAMS 0x0000000708b00000, 0x0000000708b00000| Untracked 
|  62|0x0000000708c00000, 0x0000000708c00000, 0x0000000708d00000|  0%| F|  |TAMS 0x0000000708c00000, 0x0000000708c00000| Untracked 
|  63|0x0000000708d00000, 0x0000000708d00000, 0x0000000708e00000|  0%| F|  |TAMS 0x0000000708d00000, 0x0000000708d00000| Untracked 
|  64|0x0000000708e00000, 0x0000000708e00000, 0x0000000708f00000|  0%| F|  |TAMS 0x0000000708e00000, 0x0000000708e00000| Untracked 
|  65|0x0000000708f00000, 0x0000000708f00000, 0x0000000709000000|  0%| F|  |TAMS 0x0000000708f00000, 0x0000000708f00000| Untracked 
|  66|0x0000000709000000, 0x0000000709000000, 0x0000000709100000|  0%| F|  |TAMS 0x0000000709000000, 0x0000000709000000| Untracked 
|  67|0x0000000709100000, 0x0000000709100000, 0x0000000709200000|  0%| F|  |TAMS 0x0000000709100000, 0x0000000709100000| Untracked 
|  68|0x0000000709200000, 0x0000000709200000, 0x0000000709300000|  0%| F|  |TAMS 0x0000000709200000, 0x0000000709200000| Untracked 
|  69|0x0000000709300000, 0x0000000709300000, 0x0000000709400000|  0%| F|  |TAMS 0x0000000709300000, 0x0000000709300000| Untracked 
|  70|0x0000000709400000, 0x0000000709400000, 0x0000000709500000|  0%| F|  |TAMS 0x0000000709400000, 0x0000000709400000| Untracked 
|  71|0x0000000709500000, 0x0000000709500000, 0x0000000709600000|  0%| F|  |TAMS 0x0000000709500000, 0x0000000709500000| Untracked 
|  72|0x0000000709600000, 0x0000000709600000, 0x0000000709700000|  0%| F|  |TAMS 0x0000000709600000, 0x0000000709600000| Untracked 
|  73|0x0000000709700000, 0x0000000709700000, 0x0000000709800000|  0%| F|  |TAMS 0x0000000709700000, 0x0000000709700000| Untracked 
|  74|0x0000000709800000, 0x0000000709800000, 0x0000000709900000|  0%| F|  |TAMS 0x0000000709800000, 0x0000000709800000| Untracked 
|  75|0x0000000709900000, 0x0000000709900000, 0x0000000709a00000|  0%| F|  |TAMS 0x0000000709900000, 0x0000000709900000| Untracked 
|  76|0x0000000709a00000, 0x0000000709a00000, 0x0000000709b00000|  0%| F|  |TAMS 0x0000000709a00000, 0x0000000709a00000| Untracked 
|  77|0x0000000709b00000, 0x0000000709b00000, 0x0000000709c00000|  0%| F|  |TAMS 0x0000000709b00000, 0x0000000709b00000| Untracked 
|  78|0x0000000709c00000, 0x0000000709c00000, 0x0000000709d00000|  0%| F|  |TAMS 0x0000000709c00000, 0x0000000709c00000| Untracked 
|  79|0x0000000709d00000, 0x0000000709d00000, 0x0000000709e00000|  0%| F|  |TAMS 0x0000000709d00000, 0x0000000709d00000| Untracked 
|  80|0x0000000709e00000, 0x0000000709e00000, 0x0000000709f00000|  0%| F|  |TAMS 0x0000000709e00000, 0x0000000709e00000| Untracked 
|  81|0x0000000709f00000, 0x0000000709f00000, 0x000000070a000000|  0%| F|  |TAMS 0x0000000709f00000, 0x0000000709f00000| Untracked 
|  82|0x000000070a000000, 0x000000070a000000, 0x000000070a100000|  0%| F|  |TAMS 0x000000070a000000, 0x000000070a000000| Untracked 
|  83|0x000000070a100000, 0x000000070a100000, 0x000000070a200000|  0%| F|  |TAMS 0x000000070a100000, 0x000000070a100000| Untracked 
|  84|0x000000070a200000, 0x000000070a200000, 0x000000070a300000|  0%| F|  |TAMS 0x000000070a200000, 0x000000070a200000| Untracked 
|  85|0x000000070a300000, 0x000000070a300000, 0x000000070a400000|  0%| F|  |TAMS 0x000000070a300000, 0x000000070a300000| Untracked 
|  86|0x000000070a400000, 0x000000070a400000, 0x000000070a500000|  0%| F|  |TAMS 0x000000070a400000, 0x000000070a400000| Untracked 
|  87|0x000000070a500000, 0x000000070a500000, 0x000000070a600000|  0%| F|  |TAMS 0x000000070a500000, 0x000000070a500000| Untracked 
|  88|0x000000070a600000, 0x000000070a600000, 0x000000070a700000|  0%| F|  |TAMS 0x000000070a600000, 0x000000070a600000| Untracked 
|  89|0x000000070a700000, 0x000000070a700000, 0x000000070a800000|  0%| F|  |TAMS 0x000000070a700000, 0x000000070a700000| Untracked 
|  90|0x000000070a800000, 0x000000070a800000, 0x000000070a900000|  0%| F|  |TAMS 0x000000070a800000, 0x000000070a800000| Untracked 
|  91|0x000000070a900000, 0x000000070a900000, 0x000000070aa00000|  0%| F|  |TAMS 0x000000070a900000, 0x000000070a900000| Untracked 
|  92|0x000000070aa00000, 0x000000070aa00000, 0x000000070ab00000|  0%| F|  |TAMS 0x000000070aa00000, 0x000000070aa00000| Untracked 
|  93|0x000000070ab00000, 0x000000070ab00000, 0x000000070ac00000|  0%| F|  |TAMS 0x000000070ab00000, 0x000000070ab00000| Untracked 
|  94|0x000000070ac00000, 0x000000070ac00000, 0x000000070ad00000|  0%| F|  |TAMS 0x000000070ac00000, 0x000000070ac00000| Untracked 
|  95|0x000000070ad00000, 0x000000070ad00000, 0x000000070ae00000|  0%| F|  |TAMS 0x000000070ad00000, 0x000000070ad00000| Untracked 
|  96|0x000000070ae00000, 0x000000070ae00000, 0x000000070af00000|  0%| F|  |TAMS 0x000000070ae00000, 0x000000070ae00000| Untracked 
|  97|0x000000070af00000, 0x000000070af00000, 0x000000070b000000|  0%| F|  |TAMS 0x000000070af00000, 0x000000070af00000| Untracked 
|  98|0x000000070b000000, 0x000000070b000000, 0x000000070b100000|  0%| F|  |TAMS 0x000000070b000000, 0x000000070b000000| Untracked 
|  99|0x000000070b100000, 0x000000070b100000, 0x000000070b200000|  0%| F|  |TAMS 0x000000070b100000, 0x000000070b100000| Untracked 
| 100|0x000000070b200000, 0x000000070b200000, 0x000000070b300000|  0%| F|  |TAMS 0x000000070b200000, 0x000000070b200000| Untracked 
| 101|0x000000070b300000, 0x000000070b300000, 0x000000070b400000|  0%| F|  |TAMS 0x000000070b300000, 0x000000070b300000| Untracked 
| 102|0x000000070b400000, 0x000000070b400000, 0x000000070b500000|  0%| F|  |TAMS 0x000000070b400000, 0x000000070b400000| Untracked 
| 103|0x000000070b500000, 0x000000070b500000, 0x000000070b600000|  0%| F|  |TAMS 0x000000070b500000, 0x000000070b500000| Untracked 
| 104|0x000000070b600000, 0x000000070b600000, 0x000000070b700000|  0%| F|  |TAMS 0x000000070b600000, 0x000000070b600000| Untracked 
| 105|0x000000070b700000, 0x000000070b700000, 0x000000070b800000|  0%| F|  |TAMS 0x000000070b700000, 0x000000070b700000| Untracked 
| 106|0x000000070b800000, 0x000000070b800000, 0x000000070b900000|  0%| F|  |TAMS 0x000000070b800000, 0x000000070b800000| Untracked 
| 107|0x000000070b900000, 0x000000070b900000, 0x000000070ba00000|  0%| F|  |TAMS 0x000000070b900000, 0x000000070b900000| Untracked 
| 108|0x000000070ba00000, 0x000000070ba00000, 0x000000070bb00000|  0%| F|  |TAMS 0x000000070ba00000, 0x000000070ba00000| Untracked 
| 109|0x000000070bb00000, 0x000000070bb00000, 0x000000070bc00000|  0%| F|  |TAMS 0x000000070bb00000, 0x000000070bb00000| Untracked 
| 110|0x000000070bc00000, 0x000000070bc00000, 0x000000070bd00000|  0%| F|  |TAMS 0x000000070bc00000, 0x000000070bc00000| Untracked 
| 111|0x000000070bd00000, 0x000000070bd00000, 0x000000070be00000|  0%| F|  |TAMS 0x000000070bd00000, 0x000000070bd00000| Untracked 
| 112|0x000000070be00000, 0x000000070be00000, 0x000000070bf00000|  0%| F|  |TAMS 0x000000070be00000, 0x000000070be00000| Untracked 
| 113|0x000000070bf00000, 0x000000070bf00000, 0x000000070c000000|  0%| F|  |TAMS 0x000000070bf00000, 0x000000070bf00000| Untracked 
| 114|0x000000070c000000, 0x000000070c000000, 0x000000070c100000|  0%| F|  |TAMS 0x000000070c000000, 0x000000070c000000| Untracked 
| 115|0x000000070c100000, 0x000000070c100000, 0x000000070c200000|  0%| F|  |TAMS 0x000000070c100000, 0x000000070c100000| Untracked 
| 116|0x000000070c200000, 0x000000070c200000, 0x000000070c300000|  0%| F|  |TAMS 0x000000070c200000, 0x000000070c200000| Untracked 
| 117|0x000000070c300000, 0x000000070c300000, 0x000000070c400000|  0%| F|  |TAMS 0x000000070c300000, 0x000000070c300000| Untracked 
| 118|0x000000070c400000, 0x000000070c400000, 0x000000070c500000|  0%| F|  |TAMS 0x000000070c400000, 0x000000070c400000| Untracked 
| 119|0x000000070c500000, 0x000000070c500000, 0x000000070c600000|  0%| F|  |TAMS 0x000000070c500000, 0x000000070c500000| Untracked 
| 120|0x000000070c600000, 0x000000070c600000, 0x000000070c700000|  0%| F|  |TAMS 0x000000070c600000, 0x000000070c600000| Untracked 
| 121|0x000000070c700000, 0x000000070c700000, 0x000000070c800000|  0%| F|  |TAMS 0x000000070c700000, 0x000000070c700000| Untracked 
| 122|0x000000070c800000, 0x000000070c800000, 0x000000070c900000|  0%| F|  |TAMS 0x000000070c800000, 0x000000070c800000| Untracked 
| 123|0x000000070c900000, 0x000000070c900000, 0x000000070ca00000|  0%| F|  |TAMS 0x000000070c900000, 0x000000070c900000| Untracked 
| 124|0x000000070ca00000, 0x000000070ca00000, 0x000000070cb00000|  0%| F|  |TAMS 0x000000070ca00000, 0x000000070ca00000| Untracked 
| 125|0x000000070cb00000, 0x000000070cb00000, 0x000000070cc00000|  0%| F|  |TAMS 0x000000070cb00000, 0x000000070cb00000| Untracked 
| 126|0x000000070cc00000, 0x000000070cc00000, 0x000000070cd00000|  0%| F|  |TAMS 0x000000070cc00000, 0x000000070cc00000| Untracked 
| 127|0x000000070cd00000, 0x000000070cd00000, 0x000000070ce00000|  0%| F|  |TAMS 0x000000070cd00000, 0x000000070cd00000| Untracked 
| 128|0x000000070ce00000, 0x000000070ce00000, 0x000000070cf00000|  0%| F|  |TAMS 0x000000070ce00000, 0x000000070ce00000| Untracked 
| 129|0x000000070cf00000, 0x000000070cf00000, 0x000000070d000000|  0%| F|  |TAMS 0x000000070cf00000, 0x000000070cf00000| Untracked 
| 130|0x000000070d000000, 0x000000070d000000, 0x000000070d100000|  0%| F|  |TAMS 0x000000070d000000, 0x000000070d000000| Untracked 
| 131|0x000000070d100000, 0x000000070d100000, 0x000000070d200000|  0%| F|  |TAMS 0x000000070d100000, 0x000000070d100000| Untracked 
| 132|0x000000070d200000, 0x000000070d200000, 0x000000070d300000|  0%| F|  |TAMS 0x000000070d200000, 0x000000070d200000| Untracked 
| 133|0x000000070d300000, 0x000000070d300000, 0x000000070d400000|  0%| F|  |TAMS 0x000000070d300000, 0x000000070d300000| Untracked 
| 134|0x000000070d400000, 0x000000070d400000, 0x000000070d500000|  0%| F|  |TAMS 0x000000070d400000, 0x000000070d400000| Untracked 
| 135|0x000000070d500000, 0x000000070d500000, 0x000000070d600000|  0%| F|  |TAMS 0x000000070d500000, 0x000000070d500000| Untracked 
| 136|0x000000070d600000, 0x000000070d600000, 0x000000070d700000|  0%| F|  |TAMS 0x000000070d600000, 0x000000070d600000| Untracked 
| 137|0x000000070d700000, 0x000000070d700000, 0x000000070d800000|  0%| F|  |TAMS 0x000000070d700000, 0x000000070d700000| Untracked 
| 138|0x000000070d800000, 0x000000070d800000, 0x000000070d900000|  0%| F|  |TAMS 0x000000070d800000, 0x000000070d800000| Untracked 
| 139|0x000000070d900000, 0x000000070d900000, 0x000000070da00000|  0%| F|  |TAMS 0x000000070d900000, 0x000000070d900000| Untracked 
| 140|0x000000070da00000, 0x000000070da00000, 0x000000070db00000|  0%| F|  |TAMS 0x000000070da00000, 0x000000070da00000| Untracked 
| 141|0x000000070db00000, 0x000000070db00000, 0x000000070dc00000|  0%| F|  |TAMS 0x000000070db00000, 0x000000070db00000| Untracked 
| 142|0x000000070dc00000, 0x000000070dc00000, 0x000000070dd00000|  0%| F|  |TAMS 0x000000070dc00000, 0x000000070dc00000| Untracked 
| 143|0x000000070dd00000, 0x000000070dd00000, 0x000000070de00000|  0%| F|  |TAMS 0x000000070dd00000, 0x000000070dd00000| Untracked 
| 144|0x000000070de00000, 0x000000070de00000, 0x000000070df00000|  0%| F|  |TAMS 0x000000070de00000, 0x000000070de00000| Untracked 
| 145|0x000000070df00000, 0x000000070df00000, 0x000000070e000000|  0%| F|  |TAMS 0x000000070df00000, 0x000000070df00000| Untracked 
| 146|0x000000070e000000, 0x000000070e000000, 0x000000070e100000|  0%| F|  |TAMS 0x000000070e000000, 0x000000070e000000| Untracked 
| 147|0x000000070e100000, 0x000000070e100000, 0x000000070e200000|  0%| F|  |TAMS 0x000000070e100000, 0x000000070e100000| Untracked 
| 148|0x000000070e200000, 0x000000070e200000, 0x000000070e300000|  0%| F|  |TAMS 0x000000070e200000, 0x000000070e200000| Untracked 
| 149|0x000000070e300000, 0x000000070e300000, 0x000000070e400000|  0%| F|  |TAMS 0x000000070e300000, 0x000000070e300000| Untracked 
| 150|0x000000070e400000, 0x000000070e400000, 0x000000070e500000|  0%| F|  |TAMS 0x000000070e400000, 0x000000070e400000| Untracked 
| 151|0x000000070e500000, 0x000000070e500000, 0x000000070e600000|  0%| F|  |TAMS 0x000000070e500000, 0x000000070e500000| Untracked 
| 152|0x000000070e600000, 0x000000070e600000, 0x000000070e700000|  0%| F|  |TAMS 0x000000070e600000, 0x000000070e600000| Untracked 
| 153|0x000000070e700000, 0x000000070e700000, 0x000000070e800000|  0%| F|  |TAMS 0x000000070e700000, 0x000000070e700000| Untracked 
| 154|0x000000070e800000, 0x000000070e800000, 0x000000070e900000|  0%| F|  |TAMS 0x000000070e800000, 0x000000070e800000| Untracked 
| 155|0x000000070e900000, 0x000000070e900000, 0x000000070ea00000|  0%| F|  |TAMS 0x000000070e900000, 0x000000070e900000| Untracked 
| 156|0x000000070ea00000, 0x000000070ea00000, 0x000000070eb00000|  0%| F|  |TAMS 0x000000070ea00000, 0x000000070ea00000| Untracked 
| 157|0x000000070eb00000, 0x000000070eb00000, 0x000000070ec00000|  0%| F|  |TAMS 0x000000070eb00000, 0x000000070eb00000| Untracked 
| 158|0x000000070ec00000, 0x000000070ec00000, 0x000000070ed00000|  0%| F|  |TAMS 0x000000070ec00000, 0x000000070ec00000| Untracked 
| 159|0x000000070ed00000, 0x000000070ed00000, 0x000000070ee00000|  0%| F|  |TAMS 0x000000070ed00000, 0x000000070ed00000| Untracked 
| 160|0x000000070ee00000, 0x000000070ee00000, 0x000000070ef00000|  0%| F|  |TAMS 0x000000070ee00000, 0x000000070ee00000| Untracked 
| 161|0x000000070ef00000, 0x000000070ef00000, 0x000000070f000000|  0%| F|  |TAMS 0x000000070ef00000, 0x000000070ef00000| Untracked 
| 162|0x000000070f000000, 0x000000070f000000, 0x000000070f100000|  0%| F|  |TAMS 0x000000070f000000, 0x000000070f000000| Untracked 
| 163|0x000000070f100000, 0x000000070f100000, 0x000000070f200000|  0%| F|  |TAMS 0x000000070f100000, 0x000000070f100000| Untracked 
| 164|0x000000070f200000, 0x000000070f200000, 0x000000070f300000|  0%| F|  |TAMS 0x000000070f200000, 0x000000070f200000| Untracked 
| 165|0x000000070f300000, 0x000000070f300000, 0x000000070f400000|  0%| F|  |TAMS 0x000000070f300000, 0x000000070f300000| Untracked 
| 166|0x000000070f400000, 0x000000070f400000, 0x000000070f500000|  0%| F|  |TAMS 0x000000070f400000, 0x000000070f400000| Untracked 
| 167|0x000000070f500000, 0x000000070f500000, 0x000000070f600000|  0%| F|  |TAMS 0x000000070f500000, 0x000000070f500000| Untracked 
| 168|0x000000070f600000, 0x000000070f600000, 0x000000070f700000|  0%| F|  |TAMS 0x000000070f600000, 0x000000070f600000| Untracked 
| 169|0x000000070f700000, 0x000000070f700000, 0x000000070f800000|  0%| F|  |TAMS 0x000000070f700000, 0x000000070f700000| Untracked 
| 170|0x000000070f800000, 0x000000070f800000, 0x000000070f900000|  0%| F|  |TAMS 0x000000070f800000, 0x000000070f800000| Untracked 
| 171|0x000000070f900000, 0x000000070f900000, 0x000000070fa00000|  0%| F|  |TAMS 0x000000070f900000, 0x000000070f900000| Untracked 
| 172|0x000000070fa00000, 0x000000070fa00000, 0x000000070fb00000|  0%| F|  |TAMS 0x000000070fa00000, 0x000000070fa00000| Untracked 
| 173|0x000000070fb00000, 0x000000070fb00000, 0x000000070fc00000|  0%| F|  |TAMS 0x000000070fb00000, 0x000000070fb00000| Untracked 
| 174|0x000000070fc00000, 0x000000070fc00000, 0x000000070fd00000|  0%| F|  |TAMS 0x000000070fc00000, 0x000000070fc00000| Untracked 
| 175|0x000000070fd00000, 0x000000070fd00000, 0x000000070fe00000|  0%| F|  |TAMS 0x000000070fd00000, 0x000000070fd00000| Untracked 
| 176|0x000000070fe00000, 0x000000070fe00000, 0x000000070ff00000|  0%| F|  |TAMS 0x000000070fe00000, 0x000000070fe00000| Untracked 
| 177|0x000000070ff00000, 0x000000070ff00000, 0x0000000710000000|  0%| F|  |TAMS 0x000000070ff00000, 0x000000070ff00000| Untracked 
| 178|0x0000000710000000, 0x0000000710000000, 0x0000000710100000|  0%| F|  |TAMS 0x0000000710000000, 0x0000000710000000| Untracked 
| 179|0x0000000710100000, 0x0000000710100000, 0x0000000710200000|  0%| F|  |TAMS 0x0000000710100000, 0x0000000710100000| Untracked 
| 180|0x0000000710200000, 0x0000000710200000, 0x0000000710300000|  0%| F|  |TAMS 0x0000000710200000, 0x0000000710200000| Untracked 
| 181|0x0000000710300000, 0x0000000710300000, 0x0000000710400000|  0%| F|  |TAMS 0x0000000710300000, 0x0000000710300000| Untracked 
| 182|0x0000000710400000, 0x0000000710400000, 0x0000000710500000|  0%| F|  |TAMS 0x0000000710400000, 0x0000000710400000| Untracked 
| 183|0x0000000710500000, 0x0000000710500000, 0x0000000710600000|  0%| F|  |TAMS 0x0000000710500000, 0x0000000710500000| Untracked 
| 184|0x0000000710600000, 0x0000000710600000, 0x0000000710700000|  0%| F|  |TAMS 0x0000000710600000, 0x0000000710600000| Untracked 
| 185|0x0000000710700000, 0x0000000710700000, 0x0000000710800000|  0%| F|  |TAMS 0x0000000710700000, 0x0000000710700000| Untracked 
| 186|0x0000000710800000, 0x0000000710800000, 0x0000000710900000|  0%| F|  |TAMS 0x0000000710800000, 0x0000000710800000| Untracked 
| 187|0x0000000710900000, 0x0000000710900000, 0x0000000710a00000|  0%| F|  |TAMS 0x0000000710900000, 0x0000000710900000| Untracked 
| 188|0x0000000710a00000, 0x0000000710a00000, 0x0000000710b00000|  0%| F|  |TAMS 0x0000000710a00000, 0x0000000710a00000| Untracked 
| 189|0x0000000710b00000, 0x0000000710b00000, 0x0000000710c00000|  0%| F|  |TAMS 0x0000000710b00000, 0x0000000710b00000| Untracked 
| 190|0x0000000710c00000, 0x0000000710c00000, 0x0000000710d00000|  0%| F|  |TAMS 0x0000000710c00000, 0x0000000710c00000| Untracked 
| 191|0x0000000710d00000, 0x0000000710d00000, 0x0000000710e00000|  0%| F|  |TAMS 0x0000000710d00000, 0x0000000710d00000| Untracked 
| 192|0x0000000710e00000, 0x0000000710e00000, 0x0000000710f00000|  0%| F|  |TAMS 0x0000000710e00000, 0x0000000710e00000| Untracked 
| 193|0x0000000710f00000, 0x0000000710f00000, 0x0000000711000000|  0%| F|  |TAMS 0x0000000710f00000, 0x0000000710f00000| Untracked 
| 194|0x0000000711000000, 0x0000000711000000, 0x0000000711100000|  0%| F|  |TAMS 0x0000000711000000, 0x0000000711000000| Untracked 
| 195|0x0000000711100000, 0x0000000711100000, 0x0000000711200000|  0%| F|  |TAMS 0x0000000711100000, 0x0000000711100000| Untracked 
| 196|0x0000000711200000, 0x0000000711200000, 0x0000000711300000|  0%| F|  |TAMS 0x0000000711200000, 0x0000000711200000| Untracked 
| 197|0x0000000711300000, 0x0000000711300000, 0x0000000711400000|  0%| F|  |TAMS 0x0000000711300000, 0x0000000711300000| Untracked 
| 198|0x0000000711400000, 0x0000000711400000, 0x0000000711500000|  0%| F|  |TAMS 0x0000000711400000, 0x0000000711400000| Untracked 
| 199|0x0000000711500000, 0x0000000711500000, 0x0000000711600000|  0%| F|  |TAMS 0x0000000711500000, 0x0000000711500000| Untracked 
| 200|0x0000000711600000, 0x0000000711600000, 0x0000000711700000|  0%| F|  |TAMS 0x0000000711600000, 0x0000000711600000| Untracked 
| 201|0x0000000711700000, 0x0000000711700000, 0x0000000711800000|  0%| F|  |TAMS 0x0000000711700000, 0x0000000711700000| Untracked 
| 202|0x0000000711800000, 0x0000000711800000, 0x0000000711900000|  0%| F|  |TAMS 0x0000000711800000, 0x0000000711800000| Untracked 
| 203|0x0000000711900000, 0x0000000711900000, 0x0000000711a00000|  0%| F|  |TAMS 0x0000000711900000, 0x0000000711900000| Untracked 
| 204|0x0000000711a00000, 0x0000000711a00000, 0x0000000711b00000|  0%| F|  |TAMS 0x0000000711a00000, 0x0000000711a00000| Untracked 
| 205|0x0000000711b00000, 0x0000000711b00000, 0x0000000711c00000|  0%| F|  |TAMS 0x0000000711b00000, 0x0000000711b00000| Untracked 
| 206|0x0000000711c00000, 0x0000000711c00000, 0x0000000711d00000|  0%| F|  |TAMS 0x0000000711c00000, 0x0000000711c00000| Untracked 
| 207|0x0000000711d00000, 0x0000000711d00000, 0x0000000711e00000|  0%| F|  |TAMS 0x0000000711d00000, 0x0000000711d00000| Untracked 
| 208|0x0000000711e00000, 0x0000000711e00000, 0x0000000711f00000|  0%| F|  |TAMS 0x0000000711e00000, 0x0000000711e00000| Untracked 
| 209|0x0000000711f00000, 0x0000000711f00000, 0x0000000712000000|  0%| F|  |TAMS 0x0000000711f00000, 0x0000000711f00000| Untracked 
| 210|0x0000000712000000, 0x0000000712000000, 0x0000000712100000|  0%| F|  |TAMS 0x0000000712000000, 0x0000000712000000| Untracked 
| 211|0x0000000712100000, 0x0000000712100000, 0x0000000712200000|  0%| F|  |TAMS 0x0000000712100000, 0x0000000712100000| Untracked 
| 212|0x0000000712200000, 0x0000000712200000, 0x0000000712300000|  0%| F|  |TAMS 0x0000000712200000, 0x0000000712200000| Untracked 
| 213|0x0000000712300000, 0x0000000712300000, 0x0000000712400000|  0%| F|  |TAMS 0x0000000712300000, 0x0000000712300000| Untracked 
| 214|0x0000000712400000, 0x0000000712400000, 0x0000000712500000|  0%| F|  |TAMS 0x0000000712400000, 0x0000000712400000| Untracked 
| 215|0x0000000712500000, 0x0000000712500000, 0x0000000712600000|  0%| F|  |TAMS 0x0000000712500000, 0x0000000712500000| Untracked 
| 216|0x0000000712600000, 0x0000000712600000, 0x0000000712700000|  0%| F|  |TAMS 0x0000000712600000, 0x0000000712600000| Untracked 
| 217|0x0000000712700000, 0x0000000712700000, 0x0000000712800000|  0%| F|  |TAMS 0x0000000712700000, 0x0000000712700000| Untracked 
| 218|0x0000000712800000, 0x0000000712800000, 0x0000000712900000|  0%| F|  |TAMS 0x0000000712800000, 0x0000000712800000| Untracked 
| 219|0x0000000712900000, 0x0000000712900000, 0x0000000712a00000|  0%| F|  |TAMS 0x0000000712900000, 0x0000000712900000| Untracked 
| 220|0x0000000712a00000, 0x0000000712a00000, 0x0000000712b00000|  0%| F|  |TAMS 0x0000000712a00000, 0x0000000712a00000| Untracked 
| 221|0x0000000712b00000, 0x0000000712b00000, 0x0000000712c00000|  0%| F|  |TAMS 0x0000000712b00000, 0x0000000712b00000| Untracked 
| 222|0x0000000712c00000, 0x0000000712cd3888, 0x0000000712d00000| 82%| S|CS|TAMS 0x0000000712c00000, 0x0000000712c00000| Complete 
| 223|0x0000000712d00000, 0x0000000712e00000, 0x0000000712e00000|100%| S|CS|TAMS 0x0000000712d00000, 0x0000000712d00000| Complete 
| 224|0x0000000712e00000, 0x0000000712f00000, 0x0000000712f00000|100%| S|CS|TAMS 0x0000000712e00000, 0x0000000712e00000| Complete 
| 225|0x0000000712f00000, 0x0000000712f00000, 0x0000000713000000|  0%| F|  |TAMS 0x0000000712f00000, 0x0000000712f00000| Untracked 
| 226|0x0000000713000000, 0x0000000713000000, 0x0000000713100000|  0%| F|  |TAMS 0x0000000713000000, 0x0000000713000000| Untracked 
| 227|0x0000000713100000, 0x0000000713100000, 0x0000000713200000|  0%| F|  |TAMS 0x0000000713100000, 0x0000000713100000| Untracked 
| 228|0x0000000713200000, 0x0000000713300000, 0x0000000713300000|100%| S|CS|TAMS 0x0000000713200000, 0x0000000713200000| Complete 
| 229|0x0000000713300000, 0x0000000713400000, 0x0000000713400000|100%| S|CS|TAMS 0x0000000713300000, 0x0000000713300000| Complete 
| 230|0x0000000713400000, 0x0000000713400000, 0x0000000713500000|  0%| F|  |TAMS 0x0000000713400000, 0x0000000713400000| Untracked 
| 231|0x0000000713500000, 0x0000000713500000, 0x0000000713600000|  0%| F|  |TAMS 0x0000000713500000, 0x0000000713500000| Untracked 
| 232|0x0000000713600000, 0x0000000713600000, 0x0000000713700000|  0%| F|  |TAMS 0x0000000713600000, 0x0000000713600000| Untracked 
| 233|0x0000000713700000, 0x0000000713700000, 0x0000000713800000|  0%| F|  |TAMS 0x0000000713700000, 0x0000000713700000| Untracked 
| 234|0x0000000713800000, 0x0000000713800000, 0x0000000713900000|  0%| F|  |TAMS 0x0000000713800000, 0x0000000713800000| Untracked 
| 235|0x0000000713900000, 0x0000000713900000, 0x0000000713a00000|  0%| F|  |TAMS 0x0000000713900000, 0x0000000713900000| Untracked 
| 236|0x0000000713a00000, 0x0000000713a00000, 0x0000000713b00000|  0%| F|  |TAMS 0x0000000713a00000, 0x0000000713a00000| Untracked 
| 237|0x0000000713b00000, 0x0000000713b00000, 0x0000000713c00000|  0%| F|  |TAMS 0x0000000713b00000, 0x0000000713b00000| Untracked 
| 238|0x0000000713c00000, 0x0000000713c00000, 0x0000000713d00000|  0%| F|  |TAMS 0x0000000713c00000, 0x0000000713c00000| Untracked 
| 239|0x0000000713d00000, 0x0000000713d00000, 0x0000000713e00000|  0%| F|  |TAMS 0x0000000713d00000, 0x0000000713d00000| Untracked 
| 240|0x0000000713e00000, 0x0000000713e00000, 0x0000000713f00000|  0%| F|  |TAMS 0x0000000713e00000, 0x0000000713e00000| Untracked 
| 241|0x0000000713f00000, 0x0000000713f00000, 0x0000000714000000|  0%| F|  |TAMS 0x0000000713f00000, 0x0000000713f00000| Untracked 
| 242|0x0000000714000000, 0x0000000714000000, 0x0000000714100000|  0%| F|  |TAMS 0x0000000714000000, 0x0000000714000000| Untracked 
| 243|0x0000000714100000, 0x0000000714100000, 0x0000000714200000|  0%| F|  |TAMS 0x0000000714100000, 0x0000000714100000| Untracked 
| 244|0x0000000714200000, 0x0000000714200000, 0x0000000714300000|  0%| F|  |TAMS 0x0000000714200000, 0x0000000714200000| Untracked 
| 245|0x0000000714300000, 0x0000000714400000, 0x0000000714400000|100%| E|  |TAMS 0x0000000714300000, 0x0000000714300000| Complete 
| 246|0x0000000714400000, 0x0000000714500000, 0x0000000714500000|100%| E|CS|TAMS 0x0000000714400000, 0x0000000714400000| Complete 
| 247|0x0000000714500000, 0x0000000714600000, 0x0000000714600000|100%| E|CS|TAMS 0x0000000714500000, 0x0000000714500000| Complete 
| 248|0x0000000714600000, 0x0000000714700000, 0x0000000714700000|100%| E|CS|TAMS 0x0000000714600000, 0x0000000714600000| Complete 
| 249|0x0000000714700000, 0x0000000714800000, 0x0000000714800000|100%| E|CS|TAMS 0x0000000714700000, 0x0000000714700000| Complete 
| 250|0x0000000714800000, 0x0000000714900000, 0x0000000714900000|100%| E|CS|TAMS 0x0000000714800000, 0x0000000714800000| Complete 
| 251|0x0000000714900000, 0x0000000714a00000, 0x0000000714a00000|100%| E|CS|TAMS 0x0000000714900000, 0x0000000714900000| Complete 

Card table byte_map: [0x0000026aefd50000,0x0000026af0530000] _byte_map_base: 0x0000026aec529000

Marking Bits (Prev, Next): (CMBitMap*) 0x0000026ad8c18e40, (CMBitMap*) 0x0000026ad8c18e08
 Prev Bits: [0x0000026af4be0000, 0x0000026af8aa8000)
 Next Bits: [0x0000026af0d10000, 0x0000026af4bd8000)

Polling page: 0x0000026ad8340000

Metaspace:

Usage:
  Non-class:     19.45 MB capacity,    19.13 MB ( 98%) used,   281.41 KB (  1%) free+waste,    49.19 KB ( <1%) overhead. 
      Class:      2.43 MB capacity,     2.21 MB ( 91%) used,   205.64 KB (  8%) free+waste,    24.56 KB ( <1%) overhead. 
       Both:     21.89 MB capacity,    21.34 MB ( 97%) used,   487.05 KB (  2%) free+waste,    73.75 KB ( <1%) overhead. 

Virtual space:
  Non-class space:       20.00 MB reserved,      19.50 MB ( 98%) committed 
      Class space:        1.00 GB reserved,       2.50 MB ( <1%) committed 
             Both:        1.02 GB reserved,      22.00 MB (  2%) committed 

Chunk freelists:
   Non-Class:  6.25 KB
       Class:  384 bytes
        Both:  6.62 KB

CodeHeap 'non-profiled nmethods': size=120000Kb used=672Kb max_used=672Kb free=119327Kb
 bounds [0x0000026ae7d10000, 0x0000026ae7f80000, 0x0000026aef240000]
CodeHeap 'profiled nmethods': size=120000Kb used=4077Kb max_used=4077Kb free=115922Kb
 bounds [0x0000026ae07e0000, 0x0000026ae0be0000, 0x0000026ae7d10000]
CodeHeap 'non-nmethods': size=5760Kb used=1165Kb max_used=1176Kb free=4594Kb
 bounds [0x0000026ae0240000, 0x0000026ae04b0000, 0x0000026ae07e0000]
 total_blobs=2502 nmethods=2024 adapters=389
 compilation: enabled
              stopped_count=0, restarted_count=0
 full_count=0

Compilation events (10 events):
Event: 8.575 Thread 0x0000026afbfcf000 1946   !   3       com.google.gson.internal.LinkedTreeMap::findByObject (18 bytes)
Event: 8.576 Thread 0x0000026afbfcf000 nmethod 1946 0x0000026ae0ba6c10 code [0x0000026ae0ba6dc0, 0x0000026ae0ba6f88]
Event: 8.579 Thread 0x0000026afbfcf000 1947       3       java.util.concurrent.locks.AbstractQueuedSynchronizer$Node::setPrevRelaxed (9 bytes)
Event: 8.579 Thread 0x0000026afbfcf000 nmethod 1947 0x0000026ae0ba7090 code [0x0000026ae0ba72e0, 0x0000026ae0ba7b18]
Event: 8.579 Thread 0x0000026afbfcf000 1948       3       java.util.concurrent.locks.AbstractQueuedSynchronizer::compareAndSetTail (10 bytes)
Event: 8.580 Thread 0x0000026afbfcf000 nmethod 1948 0x0000026ae0ba7e10 code [0x0000026ae0ba8080, 0x0000026ae0ba8cf8]
Event: 8.580 Thread 0x0000026afbfcf000 1950       3       com.google.gson.internal.LinkedTreeMap::get (19 bytes)
Event: 8.580 Thread 0x0000026afbfcf000 nmethod 1950 0x0000026ae0ba9090 code [0x0000026ae0ba9240, 0x0000026ae0ba94c8]
Event: 8.580 Thread 0x0000026afbfcf000 1949       3       java.util.concurrent.locks.AbstractQueuedSynchronizer$Node::predecessor (19 bytes)
Event: 8.580 Thread 0x0000026afbfcf000 nmethod 1949 0x0000026ae0ba9610 code [0x0000026ae0ba97c0, 0x0000026ae0ba99c8]

GC Heap History (4 events):
Event: 0.680 GC heap before
{Heap before GC invocations=0 (full 0):
 garbage-first heap   total 258048K, used 23552K [0x0000000704e00000, 0x0000000800000000)
  region size 1024K, 24 young (24576K), 0 survivors (0K)
 Metaspace       used 15100K, capacity 15307K, committed 15488K, reserved 1062912K
  class space    used 1472K, capacity 1555K, committed 1664K, reserved 1048576K
}
Event: 0.683 GC heap after
{Heap after GC invocations=1 (full 0):
 garbage-first heap   total 258048K, used 3575K [0x0000000704e00000, 0x0000000800000000)
  region size 1024K, 3 young (3072K), 3 survivors (3072K)
 Metaspace       used 15100K, capacity 15307K, committed 15488K, reserved 1062912K
  class space    used 1472K, capacity 1555K, committed 1664K, reserved 1048576K
}
Event: 5.796 GC heap before
{Heap before GC invocations=1 (full 0):
 garbage-first heap   total 258048K, used 25079K [0x0000000704e00000, 0x0000000800000000)
  region size 1024K, 25 young (25600K), 3 survivors (3072K)
 Metaspace       used 20671K, capacity 21136K, committed 21248K, reserved 1069056K
  class space    used 2119K, capacity 2277K, committed 2304K, reserved 1048576K
}
Event: 5.800 GC heap after
{Heap after GC invocations=2 (full 0):
 garbage-first heap   total 258048K, used 5446K [0x0000000704e00000, 0x0000000800000000)
  region size 1024K, 5 young (5120K), 5 survivors (5120K)
 Metaspace       used 20671K, capacity 21136K, committed 21248K, reserved 1069056K
  class space    used 2119K, capacity 2277K, committed 2304K, reserved 1048576K
}

Deoptimization events (10 events):
Event: 0.730 Thread 0x0000026ad8bb6800 Uncommon trap: reason=unstable_if action=reinterpret pc=0x0000026ae7d5631c method=java.util.concurrent.ConcurrentHashMap.putVal(Ljava/lang/Object;Ljava/lang/Object;Z)Ljava/lang/Object; @ 231 c2
Event: 0.734 Thread 0x0000026ad8bb6800 Uncommon trap: reason=unstable_if action=reinterpret pc=0x0000026ae7d4eda8 method=sun.net.www.ParseUtil.firstEncodeIndex(Ljava/lang/String;)I @ 51 c2
Event: 0.818 Thread 0x0000026ad8bb6800 Uncommon trap: reason=unstable_if action=reinterpret pc=0x0000026ae7d45f04 method=java.util.HashMap.hash(Ljava/lang/Object;)I @ 1 c2
Event: 1.347 Thread 0x0000026ad8bb6800 Uncommon trap: reason=unstable_if action=reinterpret pc=0x0000026ae7d88cbc method=java.nio.channels.Channels$1.write([BII)V @ 46 c2
Event: 2.914 Thread 0x0000026ad8bb6800 Uncommon trap: reason=intrinsic_or_type_checked_inlining action=make_not_entrant pc=0x0000026ae7d9e380 method=java.util.ArrayList.toArray([Ljava/lang/Object;)[Ljava/lang/Object; @ 36 c2
Event: 5.783 Thread 0x0000026afd0b1000 Uncommon trap: reason=unstable_if action=reinterpret pc=0x0000026ae7d7b1ec method=java.lang.ThreadLocal.get()Ljava/lang/Object; @ 11 c2
Event: 5.791 Thread 0x0000026ad8bb6800 Uncommon trap: reason=bimorphic_or_optimized_type_check action=maybe_recompile pc=0x0000026ae7d751b4 method=java.util.HashMap.putVal(ILjava/lang/Object;Ljava/lang/Object;ZZ)Ljava/lang/Object; @ 91 c2
Event: 5.791 Thread 0x0000026ad8bb6800 Uncommon trap: reason=bimorphic_or_optimized_type_check action=maybe_recompile pc=0x0000026ae7d751b4 method=java.util.HashMap.putVal(ILjava/lang/Object;Ljava/lang/Object;ZZ)Ljava/lang/Object; @ 91 c2
Event: 6.862 Thread 0x0000026afd0b1000 Uncommon trap: reason=unstable_if action=reinterpret pc=0x0000026ae7daa694 method=com.google.gson.stream.JsonReader.nextQuotedValue(C)Ljava/lang/String; @ 96 c2
Event: 6.865 Thread 0x0000026ad8bb6800 Uncommon trap: reason=bimorphic_or_optimized_type_check action=maybe_recompile pc=0x0000026ae7d751b4 method=java.util.HashMap.putVal(ILjava/lang/Object;Ljava/lang/Object;ZZ)Ljava/lang/Object; @ 91 c2

Classes redefined (0 events):
No events

Internal exceptions (10 events):
Event: 3.723 Thread 0x0000026ad8bb6800 Exception <a 'sun/nio/fs/WindowsException'{0x0000000713a843b0}> (0x0000000713a843b0) thrown at [./open/src/hotspot/share/prims/jni.cpp, line 611]
Event: 3.757 Thread 0x0000026ad8bb6800 Exception <a 'java/lang/NoSuchMethodError'{0x0000000713a91af8}: java.lang.invoke.DirectMethodHandle$Holder.invokeStatic(Ljava/lang/Object;J)V> (0x0000000713a91af8) thrown at [./open/src/hotspot/share/interpreter/linkResolver.cpp, line 772]
Event: 3.757 Thread 0x0000026ad8bb6800 Exception <a 'java/lang/NoSuchMethodError'{0x0000000713a96d08}: java.lang.invoke.DirectMethodHandle$Holder.invokeStatic(Ljava/lang/Object;J)Ljava/lang/Object;> (0x0000000713a96d08) thrown at [./open/src/hotspot/share/interpreter/linkResolver.cpp, line 772
Event: 3.758 Thread 0x0000026ad8bb6800 Exception <a 'java/lang/NoSuchMethodError'{0x0000000713aa4da0}: java.lang.invoke.DirectMethodHandle$Holder.invokeStaticInit(Ljava/lang/Object;Ljava/lang/Object;JLjava/lang/Object;)Ljava/lang/Object;> (0x0000000713aa4da0) thrown at [./open/src/hotspot/shar
Event: 3.759 Thread 0x0000026ad8bb6800 Exception <a 'java/lang/NoSuchMethodError'{0x0000000713aaac88}: java.lang.invoke.DirectMethodHandle$Holder.invokeStatic(Ljava/lang/Object;Ljava/lang/Object;J)Ljava/lang/Object;> (0x0000000713aaac88) thrown at [./open/src/hotspot/share/interpreter/linkReso
Event: 3.759 Thread 0x0000026ad8bb6800 Exception <a 'java/lang/NoSuchMethodError'{0x0000000713ab0f58}: java.lang.invoke.Invokers$Holder.linkToTargetMethod(Ljava/lang/Object;JLjava/lang/Object;)Ljava/lang/Object;> (0x0000000713ab0f58) thrown at [./open/src/hotspot/share/interpreter/linkResolver
Event: 5.783 Thread 0x0000026afd0b1000 Implicit null exception at 0x0000026ae7d7b0eb to 0x0000026ae7d7b1d8
Event: 6.837 Thread 0x0000026ad8bb6800 Exception <a 'java/lang/NoSuchMethodError'{0x00000007148a7438}: java.lang.invoke.DirectMethodHandle$Holder.invokeSpecial(Ljava/lang/Object;Ljava/lang/Object;IIILjava/lang/Object;Ljava/lang/Object;Ljava/lang/Object;Ljava/lang/Object;)Ljava/lang/Object;> (0
Event: 6.837 Thread 0x0000026ad8bb6800 Exception <a 'java/lang/NoSuchMethodError'{0x00000007148aabe8}: java.lang.invoke.DelegatingMethodHandle$Holder.reinvoke_L(Ljava/lang/Object;IIILjava/lang/Object;Ljava/lang/Object;Ljava/lang/Object;Ljava/lang/Object;)Ljava/lang/Object;> (0x00000007148aabe8
Event: 6.839 Thread 0x0000026ad8bb6800 Exception <a 'java/lang/NoSuchMethodError'{0x00000007148cce20}: java.lang.invoke.DirectMethodHandle$Holder.invokeStatic(Ljava/lang/Object;Ljava/lang/Object;Ljava/lang/Object;Ljava/lang/Object;Ljava/lang/Object;Ljava/lang/Object;Ljava/lang/Object;I)Ljava/l

Events (10 events):
Event: 6.865 Thread 0x0000026ad8bb6800 DEOPT PACKING pc=0x0000026ae7d751b4 sp=0x000000b1799fd1b0
Event: 6.865 Thread 0x0000026ad8bb6800 DEOPT UNPACKING pc=0x0000026ae02483af sp=0x000000b1799fd130 mode 2
Event: 7.261 loading class com/microsoft/playwright/options/Timing
Event: 7.261 loading class com/microsoft/playwright/options/Timing done
Event: 7.262 loading class jdk/internal/reflect/UnsafeDoubleFieldAccessorImpl
Event: 7.262 loading class jdk/internal/reflect/UnsafeDoubleFieldAccessorImpl done
Event: 7.269 loading class com/microsoft/playwright/impl/FrameImpl$InternalEventType
Event: 7.269 loading class com/microsoft/playwright/impl/FrameImpl$InternalEventType done
Event: 8.316 loading class jdk/internal/math/FDBigInteger
Event: 8.317 loading class jdk/internal/math/FDBigInteger done


Dynamic libraries:
0x00007ff7753d0000 - 0x00007ff7753e0000 	C:\Program Files\Java\jdk-11\bin\java.exe
0x00007fff48d90000 - 0x00007fff48fa7000 	C:\WINDOWS\SYSTEM32\ntdll.dll
0x00007fff48810000 - 0x00007fff488d4000 	C:\WINDOWS\System32\KERNEL32.DLL
0x00007fff46250000 - 0x00007fff465fd000 	C:\WINDOWS\System32\KERNELBASE.dll
0x00007fff46890000 - 0x00007fff469a1000 	C:\WINDOWS\System32\ucrtbase.dll
0x00007fff27930000 - 0x00007fff2794b000 	C:\Program Files\Java\jdk-11\bin\VCRUNTIME140.dll
0x00007fff27590000 - 0x00007fff275a9000 	C:\Program Files\Java\jdk-11\bin\jli.dll
0x00007fff47880000 - 0x00007fff47932000 	C:\WINDOWS\System32\ADVAPI32.dll
0x00007fff46d50000 - 0x00007fff46df7000 	C:\WINDOWS\System32\msvcrt.dll
0x00007fff46ad0000 - 0x00007fff46b79000 	C:\WINDOWS\System32\sechost.dll
0x00007fff46670000 - 0x00007fff46698000 	C:\WINDOWS\System32\bcrypt.dll
0x00007fff48600000 - 0x00007fff48714000 	C:\WINDOWS\System32\RPCRT4.dll
0x00007fff47bf0000 - 0x00007fff47d9e000 	C:\WINDOWS\System32\USER32.dll
0x00007fff46220000 - 0x00007fff46246000 	C:\WINDOWS\System32\win32u.dll
0x00007fff48720000 - 0x00007fff48749000 	C:\WINDOWS\System32\GDI32.dll
0x00007fff469b0000 - 0x00007fff46ac9000 	C:\WINDOWS\System32\gdi32full.dll
0x00007fff46180000 - 0x00007fff4621a000 	C:\WINDOWS\System32\msvcp_win.dll
0x00007fff27c90000 - 0x00007fff27f23000 	C:\WINDOWS\WinSxS\amd64_microsoft.windows.common-controls_6595b64144ccf1df_6.0.22621.3672_none_2713b9d173822955\COMCTL32.dll
0x00007fff3a560000 - 0x00007fff3a56a000 	C:\WINDOWS\SYSTEM32\VERSION.dll
0x00007fff47840000 - 0x00007fff47871000 	C:\WINDOWS\System32\IMM32.DLL
0x00007fff32cf0000 - 0x00007fff32ef2000 	C:\WINDOWS\system32\tmumh\20019\AddOn\8.55.0.1288\TmUmEvt64.dll
0x00007fff48800000 - 0x00007fff48808000 	C:\WINDOWS\System32\PSAPI.DLL
0x000000005f0b0000 - 0x000000005f22d000 	C:\WINDOWS\system32\tmumh\20019\TmMon\2.9.0.1159\tmmon64.dll
0x00007fff13780000 - 0x00007fff13abe000 	C:\WINDOWS\System32\TmLWE\TmUmSnsr64\1.0.0.1132\TmUmSnsr64.dll
0x00007fff44fc0000 - 0x00007fff44fd8000 	C:\WINDOWS\SYSTEM32\kernel.appcore.dll
0x00007fff28260000 - 0x00007fff2826c000 	C:\Program Files\Java\jdk-11\bin\vcruntime140_1.dll
0x00007fff27500000 - 0x00007fff2758e000 	C:\Program Files\Java\jdk-11\bin\msvcp140.dll
0x00007ffea20d0000 - 0x00007ffea2c3c000 	C:\Program Files\Java\jdk-11\bin\server\jvm.dll
0x00007fff0b0d0000 - 0x00007fff0b0d9000 	C:\WINDOWS\SYSTEM32\WSOCK32.dll
0x00007fff46cd0000 - 0x00007fff46d41000 	C:\WINDOWS\System32\WS2_32.dll
0x00007fff3a5d0000 - 0x00007fff3a604000 	C:\WINDOWS\SYSTEM32\WINMM.dll
0x00007fff298a0000 - 0x00007fff298b0000 	C:\Program Files\Java\jdk-11\bin\verify.dll
0x00007fff437b0000 - 0x00007fff439e2000 	C:\WINDOWS\SYSTEM32\DBGHELP.DLL
0x00007fff47020000 - 0x00007fff473a8000 	C:\WINDOWS\System32\combase.dll
0x00007fff46bf0000 - 0x00007fff46cc7000 	C:\WINDOWS\System32\OLEAUT32.dll
0x00007fff1bbb0000 - 0x00007fff1bbe2000 	C:\WINDOWS\SYSTEM32\dbgcore.DLL
0x00007fff46810000 - 0x00007fff4688b000 	C:\WINDOWS\System32\bcryptPrimitives.dll
0x00007fff26ba0000 - 0x00007fff26bc8000 	C:\Program Files\Java\jdk-11\bin\java.dll
0x00007fff281d0000 - 0x00007fff281da000 	C:\Program Files\Java\jdk-11\bin\jimage.dll
0x00007fff3a810000 - 0x00007fff3a81e000 	C:\Program Files\Java\jdk-11\bin\instrument.dll
0x00007fff22f80000 - 0x00007fff22f97000 	C:\Program Files\Java\jdk-11\bin\zip.dll
0x00007fff47da0000 - 0x00007fff485ff000 	C:\WINDOWS\System32\SHELL32.dll
0x00007fff43cf0000 - 0x00007fff445ec000 	C:\WINDOWS\SYSTEM32\windows.storage.dll
0x00007fff43bb0000 - 0x00007fff43cef000 	C:\WINDOWS\SYSTEM32\wintypes.dll
0x00007fff47af0000 - 0x00007fff47be4000 	C:\WINDOWS\System32\SHCORE.dll
0x00007fff46fc0000 - 0x00007fff4701e000 	C:\WINDOWS\System32\shlwapi.dll
0x00007fff45ff0000 - 0x00007fff46011000 	C:\WINDOWS\SYSTEM32\profapi.dll
0x00007fff22ca0000 - 0x00007fff22cb9000 	C:\Program Files\Java\jdk-11\bin\net.dll
0x00007fff44fe0000 - 0x00007fff45116000 	C:\WINDOWS\SYSTEM32\WINHTTP.dll
0x00007fff45560000 - 0x00007fff455c9000 	C:\WINDOWS\system32\mswsock.dll
0x00007fff22c80000 - 0x00007fff22c92000 	C:\Program Files\Java\jdk-11\bin\nio.dll
0x00007fff3a720000 - 0x00007fff3a73a000 	C:\Users\subhradeep.c\AppData\Local\JetBrains\IntelliJ IDEA Community Edition 2023.3.5\bin\breakgen64.dll
0x00007fff45800000 - 0x00007fff4581b000 	C:\WINDOWS\SYSTEM32\CRYPTSP.dll
0x00007fff44f20000 - 0x00007fff44f55000 	C:\WINDOWS\system32\rsaenh.dll
0x00007fff45600000 - 0x00007fff45628000 	C:\WINDOWS\SYSTEM32\USERENV.dll
0x00007fff457e0000 - 0x00007fff457ec000 	C:\WINDOWS\SYSTEM32\CRYPTBASE.dll
0x00007fff44840000 - 0x00007fff4486d000 	C:\WINDOWS\SYSTEM32\IPHLPAPI.DLL
0x0000026ad8af0000 - 0x0000026ad8af9000 	C:\WINDOWS\System32\NSI.dll
0x00007fff3cb10000 - 0x00007fff3cb29000 	C:\WINDOWS\SYSTEM32\dhcpcsvc6.DLL
0x00007fff3c9b0000 - 0x00007fff3c9cf000 	C:\WINDOWS\SYSTEM32\dhcpcsvc.DLL
0x00007fff44870000 - 0x00007fff44968000 	C:\WINDOWS\SYSTEM32\DNSAPI.dll
0x00007fff13600000 - 0x00007fff13617000 	C:\WINDOWS\system32\napinsp.dll
0x00007fff13620000 - 0x00007fff1363b000 	C:\WINDOWS\system32\pnrpnsp.dll
0x00007fff13640000 - 0x00007fff13651000 	C:\WINDOWS\System32\winrnr.dll
0x00007fff13ac0000 - 0x00007fff13ad5000 	C:\WINDOWS\system32\wshbth.dll
0x00007fff13660000 - 0x00007fff13687000 	C:\WINDOWS\system32\nlansp_c.dll
0x00007fff3acb0000 - 0x00007fff3acba000 	C:\Windows\System32\rasadhlp.dll
0x00007fff3acc0000 - 0x00007fff3ad43000 	C:\WINDOWS\System32\fwpuclnt.dll
0x00007fff3f9b0000 - 0x00007fff3f9b9000 	C:\Program Files\Java\jdk-11\bin\management.dll
0x00007fff3f9a0000 - 0x00007fff3f9ab000 	C:\Program Files\Java\jdk-11\bin\management_ext.dll

dbghelp: loaded successfully - version: 4.0.5 - missing functions: none
symbol engine: initialized successfully - sym options: 0x614 - pdb path: .;C:\Program Files\Java\jdk-11\bin;C:\WINDOWS\SYSTEM32;C:\WINDOWS\WinSxS\amd64_microsoft.windows.common-controls_6595b64144ccf1df_6.0.22621.3672_none_2713b9d173822955;C:\WINDOWS\system32\tmumh\20019\AddOn\8.55.0.1288;C:\WINDOWS\system32\tmumh\20019\TmMon\2.9.0.1159;C:\WINDOWS\System32\TmLWE\TmUmSnsr64\1.0.0.1132;C:\Program Files\Java\jdk-11\bin\server;C:\Users\subhradeep.c\AppData\Local\JetBrains\IntelliJ IDEA Community Edition 2023.3.5\bin

VM Arguments:
jvm_args: -ea -Didea.test.cyclic.buffer.size=1048576 -javaagent:C:\Users\subhradeep.c\AppData\Local\JetBrains\IntelliJ IDEA Community Edition 2023.3.5\lib\idea_rt.jar=51544:C:\Users\subhradeep.c\AppData\Local\JetBrains\IntelliJ IDEA Community Edition 2023.3.5\bin -Dfile.encoding=UTF-8 
java_command: com.intellij.rt.testng.RemoteTestNGStarter -usedefaultlisteners false -socket51543 @w@C:\Users\subhradeep.c\AppData\Local\Temp\idea_working_dirs_testng.tmp -temp C:\Users\subhradeep.c\AppData\Local\Temp\idea_testng.tmp
java_class_path (initial): C:\Users\subhradeep.c\AppData\Local\JetBrains\IntelliJ IDEA Community Edition 2023.3.5\lib\idea_rt.jar;C:\Users\subhradeep.c\AppData\Local\JetBrains\IntelliJ IDEA Community Edition 2023.3.5\plugins\testng\lib\testng-rt.jar;C:\Apps\AmazonOrderQA\target\test-classes;C:\Apps\AmazonOrderQA\target\classes;C:\Users\subhradeep.c\.m2\repository\com\microsoft\playwright\playwright\1.31.0\playwright-1.31.0.jar;C:\Users\subhradeep.c\.m2\repository\com\google\code\gson\gson\2.8.9\gson-2.8.9.jar;C:\Users\subhradeep.c\.m2\repository\org\opentest4j\opentest4j\1.2.0\opentest4j-1.2.0.jar;C:\Users\subhradeep.c\.m2\repository\com\microsoft\playwright\driver\1.31.0\driver-1.31.0.jar;C:\Users\subhradeep.c\.m2\repository\com\microsoft\playwright\driver-bundle\1.31.0\driver-bundle-1.31.0.jar;C:\Users\subhradeep.c\.m2\repository\io\qameta\allure\allure-testng\2.17.3\allure-testng-2.17.3.jar;C:\Users\subhradeep.c\.m2\repository\io\qameta\allure\allure-java-commons\2.17.3\allure-java-commons-2.17.3.jar;C:\Users\subhradeep.c\.m2\repository\org\slf4j\slf4j-api\1.7.30\slf4j-api-1.7.30.jar;C:\Users\subhradeep.c\.m2\repository\io\qameta\allure\allure-model\2.17.3\allure-model-2.17.3.jar;C:\Users\subhradeep.c\.m2\repository\org\testng\testng\6.14.3\testng-6.14.3.jar;C:\Users\subhradeep.c\.m2\repository\com\beust\jcommander\1.72\jcommander-1.72.jar;C:\Users\subhradeep.c\.m2\repository\org\apache-extras\beanshell\bsh\2.0b6\bsh-2.0b6.jar;C:\Users\subhradeep.c\.m2\repository\io\qameta\allure\allure-test-filter\2.17.3\allure-test-filter-2.17.3.jar;C:\Users\subhradeep.c\.m2\repository\io\cucumber\cucumber-testng\7.14.0\cucumber-testng-7.14.0.jar;C:\Users\subhradeep.c\.m2\repository\org\apiguardian\apiguardian-api\1.1.2\apiguardian-api-1.1.2.jar;C:\Users\subhradeep.c\.m2\repository\io\cucumber\cucumber-core\7.14.0\cucumber-core-7.14.0.jar;C:\Users\subhradeep.c\.m2\repository\io\cucumber\cucumber-gherkin\7.14.0\cucumber-gherkin-7.14.0.jar;C:\Users\subhradeep.c\.m2\repository\i
Launcher Type: SUN_STANDARD

[Global flags]
     intx CICompilerCount                          = 4                                         {product} {ergonomic}
     uint ConcGCThreads                            = 2                                         {product} {ergonomic}
     uint G1ConcRefinementThreads                  = 8                                         {product} {ergonomic}
   size_t G1HeapRegionSize                         = 1048576                                   {product} {ergonomic}
    uintx GCDrainStackTargetSize                   = 64                                        {product} {ergonomic}
   size_t InitialHeapSize                          = 264241152                                 {product} {ergonomic}
   size_t MarkStackSize                            = 4194304                                   {product} {ergonomic}
   size_t MaxHeapSize                              = 4213178368                                {product} {ergonomic}
   size_t MaxNewSize                               = 2527068160                                {product} {ergonomic}
   size_t MinHeapDeltaBytes                        = 1048576                                   {product} {ergonomic}
    uintx NonNMethodCodeHeapSize                   = 5836300                                {pd product} {ergonomic}
    uintx NonProfiledCodeHeapSize                  = 122910970                              {pd product} {ergonomic}
    uintx ProfiledCodeHeapSize                     = 122910970                              {pd product} {ergonomic}
    uintx ReservedCodeCacheSize                    = 251658240                              {pd product} {ergonomic}
     bool SegmentedCodeCache                       = true                                      {product} {ergonomic}
     bool UseCompressedClassPointers               = true                                 {lp64_product} {ergonomic}
     bool UseCompressedOops                        = true                                 {lp64_product} {ergonomic}
     bool UseG1GC                                  = true                                      {product} {ergonomic}
     bool UseLargePagesIndividualAllocation        = false                                  {pd product} {ergonomic}

Logging:
Log output configuration:
 #0: stdout all=warning uptime,level,tags
 #1: stderr all=off uptime,level,tags

Environment Variables:
JAVA_HOME=C:\Program Files\Java\jdk-11\
PATH=C:\Program Files\Common Files\Oracle\Java\javapath;C:\WINDOWS\system32;C:\WINDOWS;C:\WINDOWS\System32\Wbem;C:\WINDOWS\System32\WindowsPowerShell\v1.0\;C:\WINDOWS\System32\OpenSSH\;C:\Program Files\TortoiseSVN\bin;C:\Program Files\TortoiseGit\bin;C:\Program Files\nodejs\;C:\Users\subhradeep.c\AppData\Local\Microsoft\WindowsApps;"C:\Program Files\Java\jdk-11\bin;";C:\Users\subhradeep.c\AppData\Local\Programs\Git\cmd;;C:\Users\subhradeep.c\IntelliJ IDEA 2023.3.5\bin;;C:\Users\subhradeep.c\AppData\Local\JetBrains\IntelliJ IDEA Community Edition 2023.3.5\bin;
USERNAME=subhradeep.c
OS=Windows_NT
PROCESSOR_IDENTIFIER=Intel64 Family 6 Model 140 Stepping 1, GenuineIntel



---------------  S Y S T E M  ---------------

OS: Windows 11 , 64 bit Build 22621 (10.0.22621.3672)
Hyper-V role detected

CPU:total 8 (initial active 8) (4 cores per cpu, 2 threads per core) family 6 model 140 stepping 1 microcode 0xb6, cmov, cx8, fxsr, mmx, sse, sse2, sse3, ssse3, sse4.1, sse4.2, popcnt, avx, avx2, aes, clmul, erms, 3dnowpref, lzcnt, ht, tsc, tscinvbit, bmi1, bmi2, adx, evex, sha, fma

Memory: 4k page, system-wide physical 16064M (1281M free)
TotalPageFile size 24064M (AvailPageFile size 327M)
current process WorkingSet (physical memory assigned to process): 111M, peak: 111M
current process commit charge ("private bytes"): 371M, peak: 371M

vm_info: Java HotSpot(TM) 64-Bit Server VM (11.0.19+9-LTS-224) for windows-amd64 JRE (11.0.19+9-LTS-224), built on Mar 27 2023 08:48:55 by "mach5one" with MS VC++ 17.1 (VS2022)

END.
